2025-04-24 10:28:02,601 - __main__ - ERROR - data\user_groups.json yuklashda xato: Expecting value: line 1 column 1 (char 0)
2025-04-24 10:28:02,602 - __main__ - ERROR - data\auto_folders.json yuklashda xato: Expecting value: line 1 column 1 (char 0)
2025-04-24 10:28:03,627 - httpx - INFO - HTTP Request: POST https://api.telegram.org/bot7683121684:AAEQT79KO1eGL4mKCkPYmmGyQxikIHu1r44/getMe "HTTP/1.1 200 OK"
2025-04-24 10:28:03,744 - httpx - INFO - HTTP Request: POST https://api.telegram.org/bot7683121684:AAEQT79KO1eGL4mKCkPYmmGyQxikIHu1r44/setMyCommands "HTTP/1.1 200 OK"
2025-04-24 10:28:03,844 - httpx - INFO - HTTP Request: POST https://api.telegram.org/bot7683121684:AAEQT79KO1eGL4mKCkPYmmGyQxikIHu1r44/deleteWebhook "HTTP/1.1 200 OK"
2025-04-24 10:28:03,845 - apscheduler.scheduler - INFO - Scheduler started
2025-04-24 10:28:03,845 - telegram.ext.Application - INFO - Application started
2025-04-24 10:28:04,137 - httpx - INFO - HTTP Request: POST https://api.telegram.org/bot7683121684:AAEQT79KO1eGL4mKCkPYmmGyQxikIHu1r44/getUpdates "HTTP/1.1 200 OK"
2025-04-24 10:28:04,282 - httpx - INFO - HTTP Request: POST https://api.telegram.org/bot7683121684:AAEQT79KO1eGL4mKCkPYmmGyQxikIHu1r44/sendMessage "HTTP/1.1 200 OK"
2025-04-24 10:28:04,419 - httpx - INFO - HTTP Request: POST https://api.telegram.org/bot7683121684:AAEQT79KO1eGL4mKCkPYmmGyQxikIHu1r44/sendMessage "HTTP/1.1 200 OK"
2025-04-24 10:28:12,312 - httpx - INFO - HTTP Request: POST https://api.telegram.org/bot7683121684:AAEQT79KO1eGL4mKCkPYmmGyQxikIHu1r44/getUpdates "HTTP/1.1 200 OK"
2025-04-24 10:28:12,628 - httpx - INFO - HTTP Request: POST https://api.telegram.org/bot7683121684:AAEQT79KO1eGL4mKCkPYmmGyQxikIHu1r44/sendMessage "HTTP/1.1 200 OK"
2025-04-24 10:28:13,782 - httpx - INFO - HTTP Request: POST https://api.telegram.org/bot7683121684:AAEQT79KO1eGL4mKCkPYmmGyQxikIHu1r44/getUpdates "HTTP/1.1 200 OK"
2025-04-24 10:28:13,906 - httpx - INFO - HTTP Request: POST https://api.telegram.org/bot7683121684:AAEQT79KO1eGL4mKCkPYmmGyQxikIHu1r44/answerCallbackQuery "HTTP/1.1 200 OK"
2025-04-24 10:28:14,050 - httpx - INFO - HTTP Request: POST https://api.telegram.org/bot7683121684:AAEQT79KO1eGL4mKCkPYmmGyQxikIHu1r44/editMessageText "HTTP/1.1 200 OK"
2025-04-24 10:28:18,674 - httpx - INFO - HTTP Request: POST https://api.telegram.org/bot7683121684:AAEQT79KO1eGL4mKCkPYmmGyQxikIHu1r44/getUpdates "HTTP/1.1 200 OK"
2025-04-24 10:28:18,796 - httpx - INFO - HTTP Request: POST https://api.telegram.org/bot7683121684:AAEQT79KO1eGL4mKCkPYmmGyQxikIHu1r44/sendMessage "HTTP/1.1 200 OK"
2025-04-24 10:28:20,033 - httpx - INFO - HTTP Request: POST https://api.telegram.org/bot7683121684:AAEQT79KO1eGL4mKCkPYmmGyQxikIHu1r44/getUpdates "HTTP/1.1 200 OK"
2025-04-24 10:28:20,138 - httpx - INFO - HTTP Request: POST https://api.telegram.org/bot7683121684:AAEQT79KO1eGL4mKCkPYmmGyQxikIHu1r44/answerCallbackQuery "HTTP/1.1 200 OK"
2025-04-24 10:28:20,251 - httpx - INFO - HTTP Request: POST https://api.telegram.org/bot7683121684:AAEQT79KO1eGL4mKCkPYmmGyQxikIHu1r44/editMessageText "HTTP/1.1 200 OK"
2025-04-24 10:28:21,601 - httpx - INFO - HTTP Request: POST https://api.telegram.org/bot7683121684:AAEQT79KO1eGL4mKCkPYmmGyQxikIHu1r44/getUpdates "HTTP/1.1 200 OK"
2025-04-24 10:28:21,705 - httpx - INFO - HTTP Request: POST https://api.telegram.org/bot7683121684:AAEQT79KO1eGL4mKCkPYmmGyQxikIHu1r44/answerCallbackQuery "HTTP/1.1 200 OK"
2025-04-24 10:28:21,820 - httpx - INFO - HTTP Request: POST https://api.telegram.org/bot7683121684:AAEQT79KO1eGL4mKCkPYmmGyQxikIHu1r44/editMessageText "HTTP/1.1 200 OK"
2025-04-24 10:28:27,459 - httpx - INFO - HTTP Request: POST https://api.telegram.org/bot7683121684:AAEQT79KO1eGL4mKCkPYmmGyQxikIHu1r44/getUpdates "HTTP/1.1 200 OK"
2025-04-24 10:28:27,773 - httpx - INFO - HTTP Request: POST https://api.telegram.org/bot7683121684:AAEQT79KO1eGL4mKCkPYmmGyQxikIHu1r44/sendMessage "HTTP/1.1 200 OK"
2025-04-24 10:28:28,683 - httpx - INFO - HTTP Request: POST https://api.telegram.org/bot7683121684:AAEQT79KO1eGL4mKCkPYmmGyQxikIHu1r44/getUpdates "HTTP/1.1 200 OK"
2025-04-24 10:28:28,826 - httpx - INFO - HTTP Request: POST https://api.telegram.org/bot7683121684:AAEQT79KO1eGL4mKCkPYmmGyQxikIHu1r44/answerCallbackQuery "HTTP/1.1 200 OK"
2025-04-24 10:28:29,033 - httpx - INFO - HTTP Request: POST https://api.telegram.org/bot7683121684:AAEQT79KO1eGL4mKCkPYmmGyQxikIHu1r44/sendMessage "HTTP/1.1 200 OK"
2025-04-24 10:28:31,902 - httpx - INFO - HTTP Request: POST https://api.telegram.org/bot7683121684:AAEQT79KO1eGL4mKCkPYmmGyQxikIHu1r44/getUpdates "HTTP/1.1 200 OK"
2025-04-24 10:28:32,039 - httpx - INFO - HTTP Request: POST https://api.telegram.org/bot7683121684:AAEQT79KO1eGL4mKCkPYmmGyQxikIHu1r44/answerCallbackQuery "HTTP/1.1 200 OK"
2025-04-24 10:28:32,212 - httpx - INFO - HTTP Request: POST https://api.telegram.org/bot7683121684:AAEQT79KO1eGL4mKCkPYmmGyQxikIHu1r44/editMessageText "HTTP/1.1 200 OK"
2025-04-24 10:28:38,281 - httpx - INFO - HTTP Request: POST https://api.telegram.org/bot7683121684:AAEQT79KO1eGL4mKCkPYmmGyQxikIHu1r44/getUpdates "HTTP/1.1 200 OK"
2025-04-24 10:28:38,597 - httpx - INFO - HTTP Request: POST https://api.telegram.org/bot7683121684:AAEQT79KO1eGL4mKCkPYmmGyQxikIHu1r44/sendMessage "HTTP/1.1 200 OK"
2025-04-24 10:28:47,371 - httpx - INFO - HTTP Request: POST https://api.telegram.org/bot7683121684:AAEQT79KO1eGL4mKCkPYmmGyQxikIHu1r44/getUpdates "HTTP/1.1 200 OK"
2025-04-24 10:28:47,680 - httpx - INFO - HTTP Request: POST https://api.telegram.org/bot7683121684:AAEQT79KO1eGL4mKCkPYmmGyQxikIHu1r44/sendMessage "HTTP/1.1 200 OK"
2025-04-24 10:28:48,396 - httpx - INFO - HTTP Request: POST https://api.telegram.org/bot7683121684:AAEQT79KO1eGL4mKCkPYmmGyQxikIHu1r44/getUpdates "HTTP/1.1 200 OK"
2025-04-24 10:28:48,730 - pyrogram.session.auth - INFO - Start creating a new auth key on DC2
2025-04-24 10:28:48,730 - pyrogram.connection.connection - INFO - Connecting...
2025-04-24 10:28:48,828 - pyrogram.connection.connection - INFO - Connected! Production DC2 - IPv4
2025-04-24 10:28:50,191 - pyrogram.session.auth - INFO - Done auth key exchange: DhGenOk
2025-04-24 10:28:50,191 - pyrogram.connection.connection - INFO - Disconnected
2025-04-24 10:28:50,195 - pyrogram.connection.connection - INFO - Connecting...
2025-04-24 10:28:50,295 - pyrogram.connection.connection - INFO - Connected! Production DC2 - IPv4
2025-04-24 10:28:50,296 - pyrogram.session.session - INFO - NetworkTask started
2025-04-24 10:28:50,746 - pyrogram.session.session - INFO - Session initialized: Layer 158
2025-04-24 10:28:50,746 - pyrogram.session.session - INFO - Device: CPython 3.13.2 - Pyrogram 2.0.106
2025-04-24 10:28:50,746 - pyrogram.session.session - INFO - System: Windows 11 (en)
2025-04-24 10:28:50,746 - pyrogram.session.session - INFO - Session started
2025-04-24 10:28:50,748 - pyrogram.session.session - INFO - PingTask started
2025-04-24 10:28:51,023 - httpx - INFO - HTTP Request: POST https://api.telegram.org/bot7683121684:AAEQT79KO1eGL4mKCkPYmmGyQxikIHu1r44/sendMessage "HTTP/1.1 200 OK"
2025-04-24 10:28:58,830 - httpx - INFO - HTTP Request: POST https://api.telegram.org/bot7683121684:AAEQT79KO1eGL4mKCkPYmmGyQxikIHu1r44/getUpdates "HTTP/1.1 200 OK"
2025-04-24 10:29:00,237 - httpx - INFO - HTTP Request: POST https://api.telegram.org/bot7683121684:AAEQT79KO1eGL4mKCkPYmmGyQxikIHu1r44/getUpdates "HTTP/1.1 200 OK"
2025-04-24 10:29:00,671 - httpx - INFO - HTTP Request: POST https://api.telegram.org/bot7683121684:AAEQT79KO1eGL4mKCkPYmmGyQxikIHu1r44/sendMessage "HTTP/1.1 200 OK"
2025-04-24 10:29:10,340 - httpx - INFO - HTTP Request: POST https://api.telegram.org/bot7683121684:AAEQT79KO1eGL4mKCkPYmmGyQxikIHu1r44/getUpdates "HTTP/1.1 200 OK"
